<?xml version="1.0" encoding="UTF-8"?>
<coverage generated="1709915898056" clover="3.2.0">
  <project timestamp="1709915898057" name="All files">
    <metrics statements="181" coveredstatements="99" conditionals="42" coveredconditionals="21" methods="40" coveredmethods="13" elements="263" coveredelements="133" complexity="0" loc="181" ncloc="181" packages="1" files="4" classes="4"/>
    <file name="apis.js" path="C:\VSCode\parameters\js\apis.js">
      <metrics statements="50" coveredstatements="6" conditionals="14" coveredconditionals="0" methods="22" coveredmethods="0"/>
      <line num="4" count="1" type="stmt"/>
      <line num="5" count="1" type="stmt"/>
      <line num="6" count="1" type="stmt"/>
      <line num="8" count="1" type="stmt"/>
      <line num="9" count="1" type="stmt"/>
      <line num="11" count="0" type="stmt"/>
      <line num="12" count="0" type="stmt"/>
      <line num="19" count="0" type="stmt"/>
      <line num="21" count="0" type="stmt"/>
      <line num="24" count="0" type="stmt"/>
      <line num="29" count="0" type="stmt"/>
      <line num="30" count="0" type="stmt"/>
      <line num="36" count="0" type="stmt"/>
      <line num="38" count="0" type="cond" truecount="0" falsecount="2"/>
      <line num="39" count="0" type="stmt"/>
      <line num="41" count="0" type="cond" truecount="0" falsecount="2"/>
      <line num="42" count="0" type="stmt"/>
      <line num="47" count="0" type="stmt"/>
      <line num="52" count="0" type="stmt"/>
      <line num="53" count="0" type="stmt"/>
      <line num="59" count="0" type="stmt"/>
      <line num="61" count="0" type="cond" truecount="0" falsecount="2"/>
      <line num="62" count="0" type="cond" truecount="0" falsecount="2"/>
      <line num="63" count="0" type="stmt"/>
      <line num="65" count="0" type="stmt"/>
      <line num="70" count="0" type="stmt"/>
      <line num="75" count="0" type="stmt"/>
      <line num="76" count="0" type="stmt"/>
      <line num="77" count="0" type="stmt"/>
      <line num="84" count="0" type="stmt"/>
      <line num="86" count="0" type="stmt"/>
      <line num="89" count="0" type="stmt"/>
      <line num="94" count="0" type="stmt"/>
      <line num="95" count="0" type="stmt"/>
      <line num="96" count="0" type="stmt"/>
      <line num="102" count="0" type="stmt"/>
      <line num="104" count="0" type="stmt"/>
      <line num="107" count="0" type="stmt"/>
      <line num="112" count="0" type="stmt"/>
      <line num="113" count="0" type="cond" truecount="0" falsecount="2"/>
      <line num="114" count="0" type="cond" truecount="0" falsecount="2"/>
      <line num="115" count="0" type="stmt"/>
      <line num="117" count="0" type="stmt"/>
      <line num="119" count="0" type="cond" truecount="0" falsecount="2"/>
      <line num="120" count="0" type="stmt"/>
      <line num="122" count="0" type="stmt"/>
      <line num="123" count="0" type="stmt"/>
      <line num="124" count="0" type="stmt"/>
      <line num="130" count="0" type="stmt"/>
      <line num="133" count="1" type="stmt"/>
    </file>
    <file name="gender.js" path="C:\VSCode\parameters\js\gender.js">
      <metrics statements="59" coveredstatements="41" conditionals="8" coveredconditionals="7" methods="9" coveredmethods="5"/>
      <line num="5" count="2" type="stmt"/>
      <line num="6" count="2" type="stmt"/>
      <line num="11" count="2" type="stmt"/>
      <line num="14" count="3" type="stmt"/>
      <line num="15" count="3" type="cond" truecount="4" falsecount="0"/>
      <line num="16" count="2" type="stmt"/>
      <line num="18" count="1" type="stmt"/>
      <line num="20" count="3" type="stmt"/>
      <line num="24" count="3" type="stmt"/>
      <line num="29" count="3" type="stmt"/>
      <line num="30" count="3" type="cond" truecount="1" falsecount="1"/>
      <line num="31" count="0" type="stmt"/>
      <line num="37" count="3" type="cond" truecount="2" falsecount="0"/>
      <line num="38" count="1" type="stmt"/>
      <line num="40" count="2" type="stmt"/>
      <line num="42" count="3" type="stmt"/>
      <line num="48" count="3" type="stmt"/>
      <line num="52" count="0" type="stmt"/>
      <line num="53" count="0" type="stmt"/>
      <line num="56" count="0" type="stmt"/>
      <line num="57" count="0" type="stmt"/>
      <line num="58" count="0" type="stmt"/>
      <line num="59" count="0" type="stmt"/>
      <line num="60" count="0" type="stmt"/>
      <line num="61" count="0" type="stmt"/>
      <line num="63" count="0" type="stmt"/>
      <line num="80" count="0" type="stmt"/>
      <line num="81" count="0" type="stmt"/>
      <line num="86" count="1" type="stmt"/>
      <line num="87" count="1" type="stmt"/>
      <line num="88" count="1" type="stmt"/>
      <line num="90" count="1" type="stmt"/>
      <line num="91" count="1" type="stmt"/>
      <line num="92" count="1" type="stmt"/>
      <line num="96" count="1" type="stmt"/>
      <line num="97" count="1" type="stmt"/>
      <line num="98" count="1" type="stmt"/>
      <line num="99" count="1" type="stmt"/>
      <line num="100" count="1" type="stmt"/>
      <line num="101" count="1" type="stmt"/>
      <line num="102" count="1" type="stmt"/>
      <line num="103" count="1" type="stmt"/>
      <line num="104" count="1" type="stmt"/>
      <line num="105" count="1" type="stmt"/>
      <line num="106" count="1" type="stmt"/>
      <line num="107" count="1" type="stmt"/>
      <line num="109" count="1" type="stmt"/>
      <line num="110" count="1" type="stmt"/>
      <line num="111" count="1" type="stmt"/>
      <line num="112" count="0" type="stmt"/>
      <line num="113" count="0" type="stmt"/>
      <line num="117" count="2" type="stmt"/>
      <line num="123" count="2" type="stmt"/>
      <line num="127" count="0" type="stmt"/>
      <line num="128" count="0" type="stmt"/>
      <line num="129" count="0" type="stmt"/>
      <line num="132" count="2" type="stmt"/>
      <line num="142" count="2" type="stmt"/>
      <line num="143" count="0" type="stmt"/>
    </file>
    <file name="notification.js" path="C:\VSCode\parameters\js\notification.js">
      <metrics statements="32" coveredstatements="12" conditionals="8" coveredconditionals="2" methods="4" coveredmethods="3"/>
      <line num="4" count="2" type="stmt"/>
      <line num="5" count="2" type="stmt"/>
      <line num="8" count="2" type="stmt"/>
      <line num="12" count="4" type="stmt"/>
      <line num="13" count="0" type="stmt"/>
      <line num="14" count="0" type="stmt"/>
      <line num="15" count="0" type="stmt"/>
      <line num="17" count="0" type="stmt"/>
      <line num="18" count="0" type="stmt"/>
      <line num="21" count="0" type="stmt"/>
      <line num="22" count="0" type="stmt"/>
      <line num="23" count="0" type="stmt"/>
      <line num="24" count="0" type="stmt"/>
      <line num="27" count="0" type="stmt"/>
      <line num="28" count="0" type="cond" truecount="0" falsecount="2"/>
      <line num="29" count="0" type="cond" truecount="0" falsecount="2"/>
      <line num="30" count="0" type="stmt"/>
      <line num="34" count="0" type="cond" truecount="0" falsecount="2"/>
      <line num="35" count="0" type="stmt"/>
      <line num="41" count="0" type="stmt"/>
      <line num="46" count="0" type="stmt"/>
      <line num="47" count="0" type="stmt"/>
      <line num="48" count="0" type="stmt"/>
      <line num="49" count="0" type="stmt"/>
      <line num="56" count="2" type="stmt"/>
      <line num="57" count="2" type="stmt"/>
      <line num="58" count="2" type="stmt"/>
      <line num="60" count="2" type="stmt"/>
      <line num="61" count="2" type="cond" truecount="2" falsecount="0"/>
      <line num="62" count="1" type="stmt"/>
      <line num="64" count="1" type="stmt"/>
      <line num="68" count="2" type="stmt"/>
    </file>
    <file name="system.js" path="C:\VSCode\parameters\js\system.js">
      <metrics statements="40" coveredstatements="40" conditionals="12" coveredconditionals="12" methods="5" coveredmethods="5"/>
      <line num="2" count="3" type="stmt"/>
      <line num="3" count="3" type="stmt"/>
      <line num="4" count="5" type="stmt"/>
      <line num="7" count="3" type="stmt"/>
      <line num="8" count="3" type="stmt"/>
      <line num="9" count="2" type="stmt"/>
      <line num="12" count="3" type="stmt"/>
      <line num="13" count="3" type="stmt"/>
      <line num="15" count="3" type="stmt"/>
      <line num="16" count="3" type="stmt"/>
      <line num="17" count="5" type="stmt"/>
      <line num="22" count="1" type="stmt"/>
      <line num="23" count="1" type="stmt"/>
      <line num="24" count="1" type="stmt"/>
      <line num="25" count="1" type="stmt"/>
      <line num="29" count="6" type="stmt"/>
      <line num="30" count="15" type="stmt"/>
      <line num="35" count="5" type="stmt"/>
      <line num="36" count="5" type="cond" truecount="2" falsecount="0"/>
      <line num="37" count="1" type="stmt"/>
      <line num="39" count="5" type="stmt"/>
      <line num="40" count="5" type="cond" truecount="2" falsecount="0"/>
      <line num="41" count="4" type="stmt"/>
      <line num="43" count="5" type="stmt"/>
      <line num="45" count="5" type="cond" truecount="2" falsecount="0"/>
      <line num="46" count="2" type="stmt"/>
      <line num="47" count="2" type="cond" truecount="2" falsecount="0"/>
      <line num="48" count="1" type="stmt"/>
      <line num="50" count="2" type="stmt"/>
      <line num="51" count="2" type="cond" truecount="2" falsecount="0"/>
      <line num="52" count="1" type="stmt"/>
      <line num="54" count="2" type="stmt"/>
      <line num="55" count="2" type="cond" truecount="2" falsecount="0"/>
      <line num="56" count="1" type="stmt"/>
      <line num="58" count="2" type="stmt"/>
      <line num="60" count="5" type="stmt"/>
      <line num="64" count="5" type="stmt"/>
      <line num="65" count="5" type="stmt"/>
      <line num="71" count="5" type="stmt"/>
      <line num="74" count="3" type="stmt"/>
    </file>
  </project>
</coverage>
