{"C:\\VSCode\\parameters\\js\\apis.js": {"path":"C:\\VSCode\\parameters\\js\\apis.js","statementMap":{"0":{"start":{"line":4,"column":4},"end":{"line":4,"column":23}},"1":{"start":{"line":5,"column":27},"end":{"line":5,"column":52}},"2":{"start":{"line":6,"column":29},"end":{"line":6,"column":48}},"3":{"start":{"line":8,"column":15},"end":{"line":8,"column":52}},"4":{"start":{"line":9,"column":19},"end":{"line":9,"column":28}},"5":{"start":{"line":11,"column":19},"end":{"line":11,"column":44}},"6":{"start":{"line":12,"column":4},"end":{"line":25,"column":7}},"7":{"start":{"line":19,"column":22},"end":{"line":19,"column":37}},"8":{"start":{"line":21,"column":8},"end":{"line":21,"column":40}},"9":{"start":{"line":24,"column":8},"end":{"line":24,"column":31}},"10":{"start":{"line":29,"column":19},"end":{"line":29,"column":45}},"11":{"start":{"line":30,"column":4},"end":{"line":48,"column":7}},"12":{"start":{"line":36,"column":22},"end":{"line":36,"column":37}},"13":{"start":{"line":38,"column":8},"end":{"line":44,"column":9}},"14":{"start":{"line":39,"column":12},"end":{"line":39,"column":60}},"15":{"start":{"line":41,"column":12},"end":{"line":43,"column":13}},"16":{"start":{"line":42,"column":16},"end":{"line":42,"column":48}},"17":{"start":{"line":47,"column":8},"end":{"line":47,"column":31}},"18":{"start":{"line":52,"column":19},"end":{"line":52,"column":50}},"19":{"start":{"line":53,"column":4},"end":{"line":71,"column":7}},"20":{"start":{"line":59,"column":22},"end":{"line":59,"column":37}},"21":{"start":{"line":61,"column":8},"end":{"line":67,"column":9}},"22":{"start":{"line":62,"column":12},"end":{"line":66,"column":13}},"23":{"start":{"line":63,"column":16},"end":{"line":63,"column":64}},"24":{"start":{"line":65,"column":16},"end":{"line":65,"column":47}},"25":{"start":{"line":70,"column":8},"end":{"line":70,"column":31}},"26":{"start":{"line":75,"column":4},"end":{"line":75,"column":23}},"27":{"start":{"line":76,"column":19},"end":{"line":76,"column":44}},"28":{"start":{"line":77,"column":4},"end":{"line":90,"column":7}},"29":{"start":{"line":84,"column":22},"end":{"line":84,"column":37}},"30":{"start":{"line":86,"column":8},"end":{"line":86,"column":40}},"31":{"start":{"line":89,"column":8},"end":{"line":89,"column":31}},"32":{"start":{"line":94,"column":4},"end":{"line":94,"column":23}},"33":{"start":{"line":95,"column":19},"end":{"line":95,"column":50}},"34":{"start":{"line":96,"column":4},"end":{"line":108,"column":7}},"35":{"start":{"line":102,"column":22},"end":{"line":102,"column":37}},"36":{"start":{"line":104,"column":8},"end":{"line":104,"column":40}},"37":{"start":{"line":107,"column":8},"end":{"line":107,"column":31}},"38":{"start":{"line":112,"column":26},"end":{"line":112,"column":65}},"39":{"start":{"line":113,"column":4},"end":{"line":125,"column":5}},"40":{"start":{"line":114,"column":8},"end":{"line":116,"column":9}},"41":{"start":{"line":115,"column":12},"end":{"line":115,"column":39}},"42":{"start":{"line":117,"column":8},"end":{"line":117,"column":56}},"43":{"start":{"line":119,"column":8},"end":{"line":121,"column":9}},"44":{"start":{"line":120,"column":12},"end":{"line":120,"column":33}},"45":{"start":{"line":122,"column":8},"end":{"line":122,"column":21}},"46":{"start":{"line":123,"column":8},"end":{"line":123,"column":22}},"47":{"start":{"line":124,"column":8},"end":{"line":124,"column":53}},"48":{"start":{"line":130,"column":4},"end":{"line":130,"column":59}},"49":{"start":{"line":133,"column":0},"end":{"line":142,"column":2}}},"fnMap":{"0":{"name":"getCreate","decl":{"start":{"line":10,"column":9},"end":{"line":10,"column":18}},"loc":{"start":{"line":10,"column":33},"end":{"line":26,"column":1}},"line":10},"1":{"name":"(anonymous_1)","decl":{"start":{"line":19,"column":10},"end":{"line":19,"column":11}},"loc":{"start":{"line":19,"column":22},"end":{"line":19,"column":37}},"line":19},"2":{"name":"(anonymous_2)","decl":{"start":{"line":20,"column":10},"end":{"line":20,"column":11}},"loc":{"start":{"line":20,"column":26},"end":{"line":22,"column":5}},"line":20},"3":{"name":"(anonymous_3)","decl":{"start":{"line":23,"column":11},"end":{"line":23,"column":12}},"loc":{"start":{"line":23,"column":20},"end":{"line":25,"column":5}},"line":23},"4":{"name":"getAll","decl":{"start":{"line":28,"column":9},"end":{"line":28,"column":15}},"loc":{"start":{"line":28,"column":22},"end":{"line":49,"column":1}},"line":28},"5":{"name":"(anonymous_5)","decl":{"start":{"line":36,"column":10},"end":{"line":36,"column":11}},"loc":{"start":{"line":36,"column":22},"end":{"line":36,"column":37}},"line":36},"6":{"name":"(anonymous_6)","decl":{"start":{"line":37,"column":10},"end":{"line":37,"column":11}},"loc":{"start":{"line":37,"column":26},"end":{"line":45,"column":5}},"line":37},"7":{"name":"(anonymous_7)","decl":{"start":{"line":46,"column":11},"end":{"line":46,"column":12}},"loc":{"start":{"line":46,"column":20},"end":{"line":48,"column":5}},"line":46},"8":{"name":"getById","decl":{"start":{"line":51,"column":9},"end":{"line":51,"column":16}},"loc":{"start":{"line":51,"column":27},"end":{"line":72,"column":1}},"line":51},"9":{"name":"(anonymous_9)","decl":{"start":{"line":59,"column":10},"end":{"line":59,"column":11}},"loc":{"start":{"line":59,"column":22},"end":{"line":59,"column":37}},"line":59},"10":{"name":"(anonymous_10)","decl":{"start":{"line":60,"column":10},"end":{"line":60,"column":11}},"loc":{"start":{"line":60,"column":26},"end":{"line":68,"column":5}},"line":60},"11":{"name":"(anonymous_11)","decl":{"start":{"line":69,"column":11},"end":{"line":69,"column":12}},"loc":{"start":{"line":69,"column":20},"end":{"line":71,"column":5}},"line":69},"12":{"name":"getUpdate","decl":{"start":{"line":74,"column":9},"end":{"line":74,"column":18}},"loc":{"start":{"line":74,"column":33},"end":{"line":91,"column":1}},"line":74},"13":{"name":"(anonymous_13)","decl":{"start":{"line":84,"column":10},"end":{"line":84,"column":11}},"loc":{"start":{"line":84,"column":22},"end":{"line":84,"column":37}},"line":84},"14":{"name":"(anonymous_14)","decl":{"start":{"line":85,"column":10},"end":{"line":85,"column":11}},"loc":{"start":{"line":85,"column":26},"end":{"line":87,"column":5}},"line":85},"15":{"name":"(anonymous_15)","decl":{"start":{"line":88,"column":11},"end":{"line":88,"column":12}},"loc":{"start":{"line":88,"column":20},"end":{"line":90,"column":5}},"line":88},"16":{"name":"getDelete","decl":{"start":{"line":93,"column":9},"end":{"line":93,"column":18}},"loc":{"start":{"line":93,"column":29},"end":{"line":109,"column":1}},"line":93},"17":{"name":"(anonymous_17)","decl":{"start":{"line":102,"column":10},"end":{"line":102,"column":11}},"loc":{"start":{"line":102,"column":22},"end":{"line":102,"column":37}},"line":102},"18":{"name":"(anonymous_18)","decl":{"start":{"line":103,"column":10},"end":{"line":103,"column":11}},"loc":{"start":{"line":103,"column":26},"end":{"line":105,"column":5}},"line":103},"19":{"name":"(anonymous_19)","decl":{"start":{"line":106,"column":11},"end":{"line":106,"column":12}},"loc":{"start":{"line":106,"column":20},"end":{"line":108,"column":5}},"line":106},"20":{"name":"responseApi","decl":{"start":{"line":111,"column":9},"end":{"line":111,"column":20}},"loc":{"start":{"line":111,"column":41},"end":{"line":126,"column":1}},"line":111},"21":{"name":"errorConnection","decl":{"start":{"line":128,"column":9},"end":{"line":128,"column":24}},"loc":{"start":{"line":128,"column":32},"end":{"line":131,"column":1}},"line":128}},"branchMap":{"0":{"loc":{"start":{"line":38,"column":8},"end":{"line":44,"column":9}},"type":"if","locations":[{"start":{"line":38,"column":8},"end":{"line":44,"column":9}},{"start":{"line":40,"column":15},"end":{"line":44,"column":9}}],"line":38},"1":{"loc":{"start":{"line":41,"column":12},"end":{"line":43,"column":13}},"type":"if","locations":[{"start":{"line":41,"column":12},"end":{"line":43,"column":13}},{"start":{},"end":{}}],"line":41},"2":{"loc":{"start":{"line":61,"column":8},"end":{"line":67,"column":9}},"type":"if","locations":[{"start":{"line":61,"column":8},"end":{"line":67,"column":9}},{"start":{},"end":{}}],"line":61},"3":{"loc":{"start":{"line":62,"column":12},"end":{"line":66,"column":13}},"type":"if","locations":[{"start":{"line":62,"column":12},"end":{"line":66,"column":13}},{"start":{"line":64,"column":19},"end":{"line":66,"column":13}}],"line":62},"4":{"loc":{"start":{"line":113,"column":4},"end":{"line":125,"column":5}},"type":"if","locations":[{"start":{"line":113,"column":4},"end":{"line":125,"column":5}},{"start":{"line":118,"column":11},"end":{"line":125,"column":5}}],"line":113},"5":{"loc":{"start":{"line":114,"column":8},"end":{"line":116,"column":9}},"type":"if","locations":[{"start":{"line":114,"column":8},"end":{"line":116,"column":9}},{"start":{},"end":{}}],"line":114},"6":{"loc":{"start":{"line":119,"column":8},"end":{"line":121,"column":9}},"type":"if","locations":[{"start":{"line":119,"column":8},"end":{"line":121,"column":9}},{"start":{},"end":{}}],"line":119}},"s":{"0":1,"1":1,"2":1,"3":1,"4":1,"5":0,"6":0,"7":0,"8":0,"9":0,"10":0,"11":0,"12":0,"13":0,"14":0,"15":0,"16":0,"17":0,"18":0,"19":0,"20":0,"21":0,"22":0,"23":0,"24":0,"25":0,"26":0,"27":0,"28":0,"29":0,"30":0,"31":0,"32":0,"33":0,"34":0,"35":0,"36":0,"37":0,"38":0,"39":0,"40":0,"41":0,"42":0,"43":0,"44":0,"45":0,"46":0,"47":0,"48":0,"49":1},"f":{"0":0,"1":0,"2":0,"3":0,"4":0,"5":0,"6":0,"7":0,"8":0,"9":0,"10":0,"11":0,"12":0,"13":0,"14":0,"15":0,"16":0,"17":0,"18":0,"19":0,"20":0,"21":0},"b":{"0":[0,0],"1":[0,0],"2":[0,0],"3":[0,0],"4":[0,0],"5":[0,0],"6":[0,0]},"_coverageSchema":"1a1c01bbd47fc00a2c39e90264f33305004495a9","hash":"c0652451aedafca8aba20a4d848e8c27ad144526"}
,"C:\\VSCode\\parameters\\js\\gender.js": {"path":"C:\\VSCode\\parameters\\js\\gender.js","statementMap":{"0":{"start":{"line":5,"column":4},"end":{"line":5,"column":21}},"1":{"start":{"line":6,"column":31},"end":{"line":6,"column":56}},"2":{"start":{"line":11,"column":4},"end":{"line":11,"column":23}},"3":{"start":{"line":14,"column":17},"end":{"line":14,"column":62}},"4":{"start":{"line":15,"column":4},"end":{"line":19,"column":5}},"5":{"start":{"line":16,"column":8},"end":{"line":16,"column":21}},"6":{"start":{"line":18,"column":8},"end":{"line":18,"column":23}},"7":{"start":{"line":20,"column":19},"end":{"line":23,"column":5}},"8":{"start":{"line":24,"column":4},"end":{"line":24,"column":34}},"9":{"start":{"line":29,"column":22},"end":{"line":29,"column":73}},"10":{"start":{"line":30,"column":4},"end":{"line":47,"column":5}},"11":{"start":{"line":31,"column":8},"end":{"line":34,"column":9}},"12":{"start":{"line":37,"column":8},"end":{"line":41,"column":9}},"13":{"start":{"line":38,"column":12},"end":{"line":38,"column":25}},"14":{"start":{"line":40,"column":12},"end":{"line":40,"column":27}},"15":{"start":{"line":42,"column":8},"end":{"line":46,"column":10}},"16":{"start":{"line":48,"column":4},"end":{"line":48,"column":18}},"17":{"start":{"line":52,"column":26},"end":{"line":52,"column":59}},"18":{"start":{"line":53,"column":4},"end":{"line":53,"column":33}},"19":{"start":{"line":56,"column":12},"end":{"line":56,"column":13}},"20":{"start":{"line":57,"column":4},"end":{"line":82,"column":7}},"21":{"start":{"line":58,"column":8},"end":{"line":58,"column":74}},"22":{"start":{"line":59,"column":8},"end":{"line":59,"column":70}},"23":{"start":{"line":60,"column":28},"end":{"line":60,"column":56}},"24":{"start":{"line":61,"column":8},"end":{"line":61,"column":45}},"25":{"start":{"line":63,"column":8},"end":{"line":79,"column":10}},"26":{"start":{"line":80,"column":8},"end":{"line":80,"column":47}},"27":{"start":{"line":81,"column":8},"end":{"line":81,"column":12}},"28":{"start":{"line":86,"column":17},"end":{"line":86,"column":54}},"29":{"start":{"line":87,"column":4},"end":{"line":87,"column":23}},"30":{"start":{"line":88,"column":4},"end":{"line":88,"column":25}},"31":{"start":{"line":90,"column":4},"end":{"line":90,"column":54}},"32":{"start":{"line":91,"column":4},"end":{"line":91,"column":27}},"33":{"start":{"line":92,"column":4},"end":{"line":92,"column":25}},"34":{"start":{"line":96,"column":4},"end":{"line":96,"column":27}},"35":{"start":{"line":97,"column":24},"end":{"line":97,"column":65}},"36":{"start":{"line":98,"column":4},"end":{"line":98,"column":55}},"37":{"start":{"line":99,"column":4},"end":{"line":99,"column":64}},"38":{"start":{"line":100,"column":4},"end":{"line":100,"column":57}},"39":{"start":{"line":101,"column":4},"end":{"line":101,"column":66}},"40":{"start":{"line":102,"column":4},"end":{"line":102,"column":53}},"41":{"start":{"line":103,"column":4},"end":{"line":103,"column":72}},"42":{"start":{"line":104,"column":4},"end":{"line":104,"column":72}},"43":{"start":{"line":105,"column":4},"end":{"line":105,"column":70}},"44":{"start":{"line":106,"column":4},"end":{"line":106,"column":70}},"45":{"start":{"line":107,"column":4},"end":{"line":107,"column":31}},"46":{"start":{"line":109,"column":4},"end":{"line":109,"column":60}},"47":{"start":{"line":110,"column":4},"end":{"line":110,"column":31}},"48":{"start":{"line":111,"column":4},"end":{"line":111,"column":48}},"49":{"start":{"line":112,"column":4},"end":{"line":112,"column":47}},"50":{"start":{"line":113,"column":4},"end":{"line":113,"column":38}},"51":{"start":{"line":117,"column":27},"end":{"line":122,"column":5}},"52":{"start":{"line":123,"column":4},"end":{"line":123,"column":56}},"53":{"start":{"line":127,"column":4},"end":{"line":127,"column":31}},"54":{"start":{"line":128,"column":17},"end":{"line":128,"column":66}},"55":{"start":{"line":129,"column":4},"end":{"line":129,"column":127}},"56":{"start":{"line":132,"column":0},"end":{"line":140,"column":2}},"57":{"start":{"line":142,"column":0},"end":{"line":144,"column":2}},"58":{"start":{"line":143,"column":4},"end":{"line":143,"column":23}}},"fnMap":{"0":{"name":"createData","decl":{"start":{"line":13,"column":9},"end":{"line":13,"column":19}},"loc":{"start":{"line":13,"column":22},"end":{"line":25,"column":1}},"line":13},"1":{"name":"updateData","decl":{"start":{"line":27,"column":9},"end":{"line":27,"column":19}},"loc":{"start":{"line":27,"column":22},"end":{"line":49,"column":1}},"line":27},"2":{"name":"displayDataGender","decl":{"start":{"line":51,"column":9},"end":{"line":51,"column":26}},"loc":{"start":{"line":51,"column":41},"end":{"line":83,"column":1}},"line":51},"3":{"name":"(anonymous_3)","decl":{"start":{"line":57,"column":32},"end":{"line":57,"column":33}},"loc":{"start":{"line":57,"column":40},"end":{"line":82,"column":5}},"line":57},"4":{"name":"cleanFields","decl":{"start":{"line":85,"column":9},"end":{"line":85,"column":20}},"loc":{"start":{"line":85,"column":23},"end":{"line":93,"column":1}},"line":85},"5":{"name":"showUpdateEntity","decl":{"start":{"line":95,"column":9},"end":{"line":95,"column":25}},"loc":{"start":{"line":95,"column":40},"end":{"line":114,"column":1}},"line":95},"6":{"name":"disabledUpdateEntity","decl":{"start":{"line":116,"column":9},"end":{"line":116,"column":29}},"loc":{"start":{"line":116,"column":38},"end":{"line":124,"column":1}},"line":116},"7":{"name":"questionUpdate","decl":{"start":{"line":126,"column":9},"end":{"line":126,"column":23}},"loc":{"start":{"line":126,"column":26},"end":{"line":130,"column":1}},"line":126},"8":{"name":"(anonymous_8)","decl":{"start":{"line":142,"column":16},"end":{"line":142,"column":17}},"loc":{"start":{"line":142,"column":27},"end":{"line":144,"column":1}},"line":142}},"branchMap":{"0":{"loc":{"start":{"line":15,"column":4},"end":{"line":19,"column":5}},"type":"if","locations":[{"start":{"line":15,"column":4},"end":{"line":19,"column":5}},{"start":{"line":17,"column":11},"end":{"line":19,"column":5}}],"line":15},"1":{"loc":{"start":{"line":15,"column":7},"end":{"line":15,"column":43}},"type":"binary-expr","locations":[{"start":{"line":15,"column":7},"end":{"line":15,"column":23}},{"start":{"line":15,"column":27},"end":{"line":15,"column":43}}],"line":15},"2":{"loc":{"start":{"line":30,"column":4},"end":{"line":47,"column":5}},"type":"if","locations":[{"start":{"line":30,"column":4},"end":{"line":47,"column":5}},{"start":{"line":35,"column":11},"end":{"line":47,"column":5}}],"line":30},"3":{"loc":{"start":{"line":37,"column":8},"end":{"line":41,"column":9}},"type":"if","locations":[{"start":{"line":37,"column":8},"end":{"line":41,"column":9}},{"start":{"line":39,"column":15},"end":{"line":41,"column":9}}],"line":37}},"s":{"0":2,"1":2,"2":2,"3":3,"4":3,"5":2,"6":1,"7":3,"8":3,"9":3,"10":3,"11":0,"12":3,"13":1,"14":2,"15":3,"16":3,"17":0,"18":0,"19":0,"20":0,"21":0,"22":0,"23":0,"24":0,"25":0,"26":0,"27":0,"28":1,"29":1,"30":1,"31":1,"32":1,"33":1,"34":1,"35":1,"36":1,"37":1,"38":1,"39":1,"40":1,"41":1,"42":1,"43":1,"44":1,"45":1,"46":1,"47":1,"48":1,"49":0,"50":0,"51":2,"52":2,"53":0,"54":0,"55":0,"56":2,"57":2,"58":0},"f":{"0":3,"1":3,"2":0,"3":0,"4":1,"5":1,"6":2,"7":0,"8":0},"b":{"0":[2,1],"1":[3,2],"2":[0,3],"3":[1,2]},"_coverageSchema":"1a1c01bbd47fc00a2c39e90264f33305004495a9","hash":"b635dd8eab6592a20dfbfa53a94219f2199c6428"}
,"C:\\VSCode\\parameters\\js\\notification.js": {"path":"C:\\VSCode\\parameters\\js\\notification.js","statementMap":{"0":{"start":{"line":4,"column":25},"end":{"line":4,"column":31}},"1":{"start":{"line":5,"column":27},"end":{"line":5,"column":35}},"2":{"start":{"line":8,"column":4},"end":{"line":8,"column":59}},"3":{"start":{"line":12,"column":4},"end":{"line":12,"column":27}},"4":{"start":{"line":13,"column":30},"end":{"line":13,"column":72}},"5":{"start":{"line":14,"column":4},"end":{"line":14,"column":57}},"6":{"start":{"line":15,"column":4},"end":{"line":15,"column":35}},"7":{"start":{"line":17,"column":4},"end":{"line":17,"column":70}},"8":{"start":{"line":18,"column":4},"end":{"line":18,"column":39}},"9":{"start":{"line":21,"column":4},"end":{"line":25,"column":7}},"10":{"start":{"line":22,"column":8},"end":{"line":22,"column":53}},"11":{"start":{"line":23,"column":8},"end":{"line":23,"column":45}},"12":{"start":{"line":24,"column":8},"end":{"line":24,"column":56}},"13":{"start":{"line":27,"column":4},"end":{"line":27,"column":73}},"14":{"start":{"line":28,"column":4},"end":{"line":44,"column":5}},"15":{"start":{"line":29,"column":8},"end":{"line":39,"column":9}},"16":{"start":{"line":30,"column":12},"end":{"line":33,"column":14}},"17":{"start":{"line":34,"column":15},"end":{"line":39,"column":9}},"18":{"start":{"line":35,"column":12},"end":{"line":38,"column":14}},"19":{"start":{"line":41,"column":8},"end":{"line":43,"column":10}},"20":{"start":{"line":46,"column":4},"end":{"line":46,"column":66}},"21":{"start":{"line":47,"column":4},"end":{"line":47,"column":41}},"22":{"start":{"line":48,"column":4},"end":{"line":48,"column":53}},"23":{"start":{"line":49,"column":4},"end":{"line":49,"column":44}},"24":{"start":{"line":56,"column":30},"end":{"line":56,"column":69}},"25":{"start":{"line":57,"column":4},"end":{"line":57,"column":52}},"26":{"start":{"line":58,"column":4},"end":{"line":58,"column":44}},"27":{"start":{"line":60,"column":4},"end":{"line":60,"column":66}},"28":{"start":{"line":61,"column":4},"end":{"line":65,"column":5}},"29":{"start":{"line":62,"column":8},"end":{"line":62,"column":32}},"30":{"start":{"line":64,"column":8},"end":{"line":64,"column":36}},"31":{"start":{"line":68,"column":0},"end":{"line":72,"column":2}}},"fnMap":{"0":{"name":"showNotification","decl":{"start":{"line":7,"column":9},"end":{"line":7,"column":25}},"loc":{"start":{"line":7,"column":42},"end":{"line":9,"column":1}},"line":7},"1":{"name":"showNotificationFull","decl":{"start":{"line":11,"column":9},"end":{"line":11,"column":29}},"loc":{"start":{"line":11,"column":82},"end":{"line":53,"column":1}},"line":11},"2":{"name":"(anonymous_2)","decl":{"start":{"line":21,"column":21},"end":{"line":21,"column":22}},"loc":{"start":{"line":21,"column":32},"end":{"line":25,"column":5}},"line":21},"3":{"name":"hideNotification","decl":{"start":{"line":55,"column":9},"end":{"line":55,"column":25}},"loc":{"start":{"line":55,"column":28},"end":{"line":66,"column":1}},"line":55}},"branchMap":{"0":{"loc":{"start":{"line":28,"column":4},"end":{"line":44,"column":5}},"type":"if","locations":[{"start":{"line":28,"column":4},"end":{"line":44,"column":5}},{"start":{"line":40,"column":11},"end":{"line":44,"column":5}}],"line":28},"1":{"loc":{"start":{"line":29,"column":8},"end":{"line":39,"column":9}},"type":"if","locations":[{"start":{"line":29,"column":8},"end":{"line":39,"column":9}},{"start":{"line":34,"column":15},"end":{"line":39,"column":9}}],"line":29},"2":{"loc":{"start":{"line":34,"column":15},"end":{"line":39,"column":9}},"type":"if","locations":[{"start":{"line":34,"column":15},"end":{"line":39,"column":9}},{"start":{},"end":{}}],"line":34},"3":{"loc":{"start":{"line":61,"column":4},"end":{"line":65,"column":5}},"type":"if","locations":[{"start":{"line":61,"column":4},"end":{"line":65,"column":5}},{"start":{"line":63,"column":11},"end":{"line":65,"column":5}}],"line":61}},"s":{"0":2,"1":2,"2":2,"3":4,"4":0,"5":0,"6":0,"7":0,"8":0,"9":0,"10":0,"11":0,"12":0,"13":0,"14":0,"15":0,"16":0,"17":0,"18":0,"19":0,"20":0,"21":0,"22":0,"23":0,"24":2,"25":2,"26":2,"27":2,"28":2,"29":1,"30":1,"31":2},"f":{"0":2,"1":4,"2":0,"3":2},"b":{"0":[0,0],"1":[0,0],"2":[0,0],"3":[1,1]},"_coverageSchema":"1a1c01bbd47fc00a2c39e90264f33305004495a9","hash":"3a26d0ceae2c847f8fd37bf0ee6e5f97233d3bbb"}
,"C:\\VSCode\\parameters\\js\\system.js": {"path":"C:\\VSCode\\parameters\\js\\system.js","statementMap":{"0":{"start":{"line":2,"column":18},"end":{"line":2,"column":58}},"1":{"start":{"line":3,"column":4},"end":{"line":5,"column":5}},"2":{"start":{"line":4,"column":8},"end":{"line":4,"column":33}},"3":{"start":{"line":7,"column":4},"end":{"line":7,"column":56}},"4":{"start":{"line":8,"column":4},"end":{"line":10,"column":5}},"5":{"start":{"line":9,"column":8},"end":{"line":9,"column":33}},"6":{"start":{"line":12,"column":4},"end":{"line":12,"column":54}},"7":{"start":{"line":13,"column":4},"end":{"line":13,"column":30}},"8":{"start":{"line":15,"column":4},"end":{"line":15,"column":59}},"9":{"start":{"line":16,"column":4},"end":{"line":18,"column":5}},"10":{"start":{"line":17,"column":8},"end":{"line":17,"column":33}},"11":{"start":{"line":22,"column":24},"end":{"line":22,"column":63}},"12":{"start":{"line":23,"column":4},"end":{"line":23,"column":46}},"13":{"start":{"line":24,"column":4},"end":{"line":24,"column":38}},"14":{"start":{"line":25,"column":4},"end":{"line":25,"column":28}},"15":{"start":{"line":29,"column":4},"end":{"line":31,"column":5}},"16":{"start":{"line":30,"column":8},"end":{"line":30,"column":34}},"17":{"start":{"line":35,"column":19},"end":{"line":35,"column":21}},"18":{"start":{"line":36,"column":4},"end":{"line":38,"column":5}},"19":{"start":{"line":37,"column":8},"end":{"line":37,"column":34}},"20":{"start":{"line":39,"column":4},"end":{"line":39,"column":49}},"21":{"start":{"line":40,"column":4},"end":{"line":42,"column":5}},"22":{"start":{"line":41,"column":8},"end":{"line":41,"column":34}},"23":{"start":{"line":43,"column":4},"end":{"line":43,"column":77}},"24":{"start":{"line":45,"column":4},"end":{"line":59,"column":5}},"25":{"start":{"line":46,"column":8},"end":{"line":46,"column":34}},"26":{"start":{"line":47,"column":8},"end":{"line":49,"column":9}},"27":{"start":{"line":48,"column":12},"end":{"line":48,"column":38}},"28":{"start":{"line":50,"column":8},"end":{"line":50,"column":52}},"29":{"start":{"line":51,"column":8},"end":{"line":53,"column":9}},"30":{"start":{"line":52,"column":12},"end":{"line":52,"column":38}},"31":{"start":{"line":54,"column":8},"end":{"line":54,"column":54}},"32":{"start":{"line":55,"column":8},"end":{"line":57,"column":9}},"33":{"start":{"line":56,"column":12},"end":{"line":56,"column":38}},"34":{"start":{"line":58,"column":8},"end":{"line":58,"column":48}},"35":{"start":{"line":60,"column":4},"end":{"line":60,"column":20}},"36":{"start":{"line":64,"column":4},"end":{"line":64,"column":26}},"37":{"start":{"line":65,"column":4},"end":{"line":70,"column":44}},"38":{"start":{"line":71,"column":4},"end":{"line":71,"column":16}},"39":{"start":{"line":74,"column":0},"end":{"line":80,"column":2}}},"fnMap":{"0":{"name":"disabledElements","decl":{"start":{"line":1,"column":9},"end":{"line":1,"column":25}},"loc":{"start":{"line":1,"column":34},"end":{"line":19,"column":1}},"line":1},"1":{"name":"hiddenUpdateEntity","decl":{"start":{"line":21,"column":9},"end":{"line":21,"column":27}},"loc":{"start":{"line":21,"column":30},"end":{"line":26,"column":1}},"line":21},"2":{"name":"disabledUpdateEntityElements","decl":{"start":{"line":28,"column":9},"end":{"line":28,"column":37}},"loc":{"start":{"line":28,"column":61},"end":{"line":32,"column":1}},"line":28},"3":{"name":"dateToText","decl":{"start":{"line":34,"column":9},"end":{"line":34,"column":19}},"loc":{"start":{"line":34,"column":43},"end":{"line":61,"column":1}},"line":34},"4":{"name":"dateToInput","decl":{"start":{"line":63,"column":9},"end":{"line":63,"column":20}},"loc":{"start":{"line":63,"column":27},"end":{"line":72,"column":1}},"line":63}},"branchMap":{"0":{"loc":{"start":{"line":36,"column":4},"end":{"line":38,"column":5}},"type":"if","locations":[{"start":{"line":36,"column":4},"end":{"line":38,"column":5}},{"start":{},"end":{}}],"line":36},"1":{"loc":{"start":{"line":40,"column":4},"end":{"line":42,"column":5}},"type":"if","locations":[{"start":{"line":40,"column":4},"end":{"line":42,"column":5}},{"start":{},"end":{}}],"line":40},"2":{"loc":{"start":{"line":45,"column":4},"end":{"line":59,"column":5}},"type":"if","locations":[{"start":{"line":45,"column":4},"end":{"line":59,"column":5}},{"start":{},"end":{}}],"line":45},"3":{"loc":{"start":{"line":47,"column":8},"end":{"line":49,"column":9}},"type":"if","locations":[{"start":{"line":47,"column":8},"end":{"line":49,"column":9}},{"start":{},"end":{}}],"line":47},"4":{"loc":{"start":{"line":51,"column":8},"end":{"line":53,"column":9}},"type":"if","locations":[{"start":{"line":51,"column":8},"end":{"line":53,"column":9}},{"start":{},"end":{}}],"line":51},"5":{"loc":{"start":{"line":55,"column":8},"end":{"line":57,"column":9}},"type":"if","locations":[{"start":{"line":55,"column":8},"end":{"line":57,"column":9}},{"start":{},"end":{}}],"line":55}},"s":{"0":3,"1":3,"2":5,"3":3,"4":3,"5":2,"6":3,"7":3,"8":3,"9":3,"10":5,"11":1,"12":1,"13":1,"14":1,"15":6,"16":15,"17":5,"18":5,"19":1,"20":5,"21":5,"22":4,"23":5,"24":5,"25":2,"26":2,"27":1,"28":2,"29":2,"30":1,"31":2,"32":2,"33":1,"34":2,"35":5,"36":5,"37":5,"38":5,"39":3},"f":{"0":3,"1":1,"2":6,"3":5,"4":5},"b":{"0":[1,4],"1":[4,1],"2":[2,3],"3":[1,1],"4":[1,1],"5":[1,1]},"_coverageSchema":"1a1c01bbd47fc00a2c39e90264f33305004495a9","hash":"5376d9751b9edf80127ced201bf9eeba92729e9d"}
}
