TN:
SF:js\apis.js
FN:10,getCreate
FN:19,(anonymous_1)
FN:20,(anonymous_2)
FN:23,(anonymous_3)
FN:28,getAll
FN:36,(anonymous_5)
FN:37,(anonymous_6)
FN:46,(anonymous_7)
FN:51,getById
FN:59,(anonymous_9)
FN:60,(anonymous_10)
FN:69,(anonymous_11)
FN:74,getUpdate
FN:84,(anonymous_13)
FN:85,(anonymous_14)
FN:88,(anonymous_15)
FN:93,getDelete
FN:102,(anonymous_17)
FN:103,(anonymous_18)
FN:106,(anonymous_19)
FN:111,responseApi
FN:128,errorConnection
FNF:22
FNH:0
FNDA:0,getCreate
FNDA:0,(anonymous_1)
FNDA:0,(anonymous_2)
FNDA:0,(anonymous_3)
FNDA:0,getAll
FNDA:0,(anonymous_5)
FNDA:0,(anonymous_6)
FNDA:0,(anonymous_7)
FNDA:0,getById
FNDA:0,(anonymous_9)
FNDA:0,(anonymous_10)
FNDA:0,(anonymous_11)
FNDA:0,getUpdate
FNDA:0,(anonymous_13)
FNDA:0,(anonymous_14)
FNDA:0,(anonymous_15)
FNDA:0,getDelete
FNDA:0,(anonymous_17)
FNDA:0,(anonymous_18)
FNDA:0,(anonymous_19)
FNDA:0,responseApi
FNDA:0,errorConnection
DA:4,1
DA:5,1
DA:6,1
DA:8,1
DA:9,1
DA:11,0
DA:12,0
DA:19,0
DA:21,0
DA:24,0
DA:29,0
DA:30,0
DA:36,0
DA:38,0
DA:39,0
DA:41,0
DA:42,0
DA:47,0
DA:52,0
DA:53,0
DA:59,0
DA:61,0
DA:62,0
DA:63,0
DA:65,0
DA:70,0
DA:75,0
DA:76,0
DA:77,0
DA:84,0
DA:86,0
DA:89,0
DA:94,0
DA:95,0
DA:96,0
DA:102,0
DA:104,0
DA:107,0
DA:112,0
DA:113,0
DA:114,0
DA:115,0
DA:117,0
DA:119,0
DA:120,0
DA:122,0
DA:123,0
DA:124,0
DA:130,0
DA:133,1
LF:50
LH:6
BRDA:38,0,0,0
BRDA:38,0,1,0
BRDA:41,1,0,0
BRDA:41,1,1,0
BRDA:61,2,0,0
BRDA:61,2,1,0
BRDA:62,3,0,0
BRDA:62,3,1,0
BRDA:113,4,0,0
BRDA:113,4,1,0
BRDA:114,5,0,0
BRDA:114,5,1,0
BRDA:119,6,0,0
BRDA:119,6,1,0
BRF:14
BRH:0
end_of_record
TN:
SF:js\gender.js
FN:13,createData
FN:27,updateData
FN:51,displayDataGender
FN:57,(anonymous_3)
FN:85,cleanFields
FN:95,showUpdateEntity
FN:116,disabledUpdateEntity
FN:126,questionUpdate
FN:142,(anonymous_8)
FNF:9
FNH:5
FNDA:3,createData
FNDA:3,updateData
FNDA:0,displayDataGender
FNDA:0,(anonymous_3)
FNDA:1,cleanFields
FNDA:1,showUpdateEntity
FNDA:2,disabledUpdateEntity
FNDA:0,questionUpdate
FNDA:0,(anonymous_8)
DA:5,2
DA:6,2
DA:11,2
DA:14,3
DA:15,3
DA:16,2
DA:18,1
DA:20,3
DA:24,3
DA:29,3
DA:30,3
DA:31,0
DA:37,3
DA:38,1
DA:40,2
DA:42,3
DA:48,3
DA:52,0
DA:53,0
DA:56,0
DA:57,0
DA:58,0
DA:59,0
DA:60,0
DA:61,0
DA:63,0
DA:80,0
DA:81,0
DA:86,1
DA:87,1
DA:88,1
DA:90,1
DA:91,1
DA:92,1
DA:96,1
DA:97,1
DA:98,1
DA:99,1
DA:100,1
DA:101,1
DA:102,1
DA:103,1
DA:104,1
DA:105,1
DA:106,1
DA:107,1
DA:109,1
DA:110,1
DA:111,1
DA:112,0
DA:113,0
DA:117,2
DA:123,2
DA:127,0
DA:128,0
DA:129,0
DA:132,2
DA:142,2
DA:143,0
LF:59
LH:41
BRDA:15,0,0,2
BRDA:15,0,1,1
BRDA:15,1,0,3
BRDA:15,1,1,2
BRDA:30,2,0,0
BRDA:30,2,1,3
BRDA:37,3,0,1
BRDA:37,3,1,2
BRF:8
BRH:7
end_of_record
TN:
SF:js\notification.js
FN:7,showNotification
FN:11,showNotificationFull
FN:21,(anonymous_2)
FN:55,hideNotification
FNF:4
FNH:3
FNDA:2,showNotification
FNDA:4,showNotificationFull
FNDA:0,(anonymous_2)
FNDA:2,hideNotification
DA:4,2
DA:5,2
DA:8,2
DA:12,4
DA:13,0
DA:14,0
DA:15,0
DA:17,0
DA:18,0
DA:21,0
DA:22,0
DA:23,0
DA:24,0
DA:27,0
DA:28,0
DA:29,0
DA:30,0
DA:34,0
DA:35,0
DA:41,0
DA:46,0
DA:47,0
DA:48,0
DA:49,0
DA:56,2
DA:57,2
DA:58,2
DA:60,2
DA:61,2
DA:62,1
DA:64,1
DA:68,2
LF:32
LH:12
BRDA:28,0,0,0
BRDA:28,0,1,0
BRDA:29,1,0,0
BRDA:29,1,1,0
BRDA:34,2,0,0
BRDA:34,2,1,0
BRDA:61,3,0,1
BRDA:61,3,1,1
BRF:8
BRH:2
end_of_record
TN:
SF:js\system.js
FN:1,disabledElements
FN:21,hiddenUpdateEntity
FN:28,disabledUpdateEntityElements
FN:34,dateToText
FN:63,dateToInput
FNF:5
FNH:5
FNDA:3,disabledElements
FNDA:1,hiddenUpdateEntity
FNDA:6,disabledUpdateEntityElements
FNDA:5,dateToText
FNDA:5,dateToInput
DA:2,3
DA:3,3
DA:4,5
DA:7,3
DA:8,3
DA:9,2
DA:12,3
DA:13,3
DA:15,3
DA:16,3
DA:17,5
DA:22,1
DA:23,1
DA:24,1
DA:25,1
DA:29,6
DA:30,15
DA:35,5
DA:36,5
DA:37,1
DA:39,5
DA:40,5
DA:41,4
DA:43,5
DA:45,5
DA:46,2
DA:47,2
DA:48,1
DA:50,2
DA:51,2
DA:52,1
DA:54,2
DA:55,2
DA:56,1
DA:58,2
DA:60,5
DA:64,5
DA:65,5
DA:71,5
DA:74,3
LF:40
LH:40
BRDA:36,0,0,1
BRDA:36,0,1,4
BRDA:40,1,0,4
BRDA:40,1,1,1
BRDA:45,2,0,2
BRDA:45,2,1,3
BRDA:47,3,0,1
BRDA:47,3,1,1
BRDA:51,4,0,1
BRDA:51,4,1,1
BRDA:55,5,0,1
BRDA:55,5,1,1
BRF:12
BRH:12
end_of_record
